
> @fitsync/web@0.0.0 build
> next build

   ▲ Next.js 15.5.2

   Creating an optimized production build ...
 ✓ Compiled successfully in 1552ms
   Linting and checking validity of types ...
   Collecting page data ...
   Generating static pages (0/4) ...
   Generating static pages (1/4) 
   Generating static pages (2/4) 
   Generating static pages (3/4) 
 ✓ Generating static pages (4/4)
   Finalizing page optimization ...
   Collecting build traces ...

Route (app)                                 Size  First Load JS
┌ ○ /                                      120 B         102 kB
└ ○ /_not-found                            988 B         103 kB
+ First Load JS shared by all             102 kB
  ├ chunks/18-ef38cc2f87045b34.js        45.9 kB
  ├ chunks/87c73c54-24122e7b92478d00.js  54.2 kB
  └ other shared chunks (total)          1.89 kB


○  (Static)  prerendered as static content

